==============================================================================
validateWallet                                                                
==============================================================================
Deve validar as informações da página "Carteira"                      | FAIL |
WebDriverException: Message: An unknown server-side error occurred while processing the command. Original error: Could not proxy command to the remote server. Original error: socket hang up
Stacktrace:
UnknownError: An unknown server-side error occurred while processing the command. Original error: Could not proxy command to the remote server. Original error: socket hang up
    at UIA2Proxy.command (C:\QAx\projects\loopiclub-robot\node_modules\appium-uiautomator2-driver\node_modules\@appium\base-driver\lib\jsonwp-proxy\proxy.js:359:13)
    at processTicksAndRejections (node:internal/process/task_queues:105:5)
    at AndroidUiautomator2Driver.doFindElementOrEls (C:\QAx\projects\loopiclub-robot\node_modules\appium-uiautomator2-driver\lib\commands\find.js:40:5)
    at doFind (C:\QAx\projects\loopiclub-robot\node_modules\appium-uiautomator2-driver\node_modules\appium-android-driver\lib\commands\find.ts:47:17)
    at wrappedCondFn (C:\QAx\projects\loopiclub-robot\node_modules\appium-uiautomator2-driver\node_modules\@appium\base-driver\lib\basedriver\commands\timeout.ts:141:14)
    at spin (C:\QAx\projects\loopiclub-robot\node_modules\appium-uiautomator2-driver\node_modules\asyncbox\lib\asyncbox.js:219:20)
    at waitForCondition (C:\QAx\projects\loopiclub-robot\node_modules\appium-uiautomator2-driver\node_modules\asyncbox\lib\asyncbox.js:236:10)
    at AndroidUiautomator2Driver.implicitWaitForCondition (C:\QAx\projects\loopiclub-robot\node_modules\appium-uiautomator2-driver\node_modules\@appium\base-driver\lib\basedriver\commands\timeout.ts:143:12)
    at AndroidUiautomator2Driver.findElOrEls (C:\QAx\projects\loopiclub-robot\node_modules\appium-uiautomator2-driver\node_modules\appium-android-driver\lib\commands\find.ts:70:5)
    at AndroidUiautomator2Driver.findElOrElsWithProcessing (C:\QAx\projects\loopiclub-robot\node_modules\appium-uiautomator2-driver\node_modules\@appium\base-driver\lib\basedriver\commands\find.ts:60:12)
    at AndroidUiautomator2Driver.findElements (C:\QAx\projects\loopiclub-robot\node_modules\appium-uiautomator2-driver\node_modules\@appium\base-driver\lib\basedriver\commands\find.ts:79:12)
------------------------------------------------------------------------------
validateWallet                                                        | FAIL |
1 test, 0 passed, 1 failed
==============================================================================
Output:  C:\QAx\projects\loopiclub-robot\output.xml
Log:     C:\QAx\projects\loopiclub-robot\log.html
Report:  C:\QAx\projects\loopiclub-robot\report.html
